Arguments: 
  C:\Program Files\nodejs\node.exe C:\Users\MusiurAlamOpu\AppData\Roaming\npm\node_modules\yarn\bin\yarn.js add express nodemon mysql dotenv bcrypt

PATH: 
  C:\Users\MusiurAlamOpu\bin;C:\Program Files\Git\mingw64\bin;C:\Program Files\Git\usr\local\bin;C:\Program Files\Git\usr\bin;C:\Program Files\Git\usr\bin;C:\Program Files\Git\mingw64\bin;C:\Program Files\Git\usr\bin;C:\Users\MusiurAlamOpu\bin;C:\WINDOWS\system32;C:\WINDOWS;C:\WINDOWS\System32\Wbem;C:\WINDOWS\System32\WindowsPowerShell\v1.0;C:\WINDOWS\System32\OpenSSH;C:\Program Files\nodejs;C:\Program Files\Git\cmd;C:\Program Files\Inkscape\bin;C:\Program Files\dotnet;C:\Users\MusiurAlamOpu\anaconda3;C:\Users\MusiurAlamOpu\anaconda3\Library\mingw-w64\bin;C:\Users\MusiurAlamOpu\anaconda3\Library\usr\bin;C:\Users\MusiurAlamOpu\anaconda3\Library\bin;C:\Users\MusiurAlamOpu\anaconda3\Scripts;C:\Program Files\MySQL\MySQL Shell 8.0\bin;C:\Users\MusiurAlamOpu\AppData\Local\Microsoft\WindowsApps;C:\Users\MusiurAlamOpu\AppData\Local\Programs\Microsoft VS Code\bin;C:\Users\MusiurAlamOpu\AppData\Roaming\npm;C:\Program Files\Git\usr\bin\vendor_perl;C:\Program Files\Git\usr\bin\core_perl

Yarn version: 
  1.22.17

Node version: 
  16.14.0

Platform: 
  win32 x64

Trace: 
  Error: getaddrinfo ENOTFOUND registry.yarnpkg.com
      at GetAddrInfoReqWrap.onlookup [as oncomplete] (node:dns:71:26)

npm manifest: 
  {
    "name": "abian-with-sql",
    "version": "1.0.0",
    "description": "",
    "main": "index.js",
    "scripts": {
      "test": "echo \"Error: no test specified\" && exit 1"
    },
    "keywords": [],
    "author": "",
    "license": "ISC"
  }

yarn manifest: 
  No manifest

Lockfile: 
  No lockfile
